<?xml version="1.0" encoding="UTF-8"?>
<!-- Generated by org.testng.reporters.JUnitReportReporter -->
<testsuite skipped="0" hostname="AIPLLTH323" name="com.testcases.TenantBasedPartition" tests="1" failures="0" timestamp="07 Jan 2022 16:50:05 GMT" time="1.473" errors="0">
  <testcase name="VerifyAppDis" time="1.473" classname="com.testcases.TenantBasedPartition"/>
</testsuite> <!-- com.testcases.TenantBasedPartition -->
