<?xml version="1.0" encoding="UTF-8"?>
<!-- Generated by org.testng.reporters.JUnitReportReporter -->
<testsuite skipped="0" hostname="AIPLLTH323" name="com.hybrid.testcases.InboundwithoutPartitions" tests="6" failures="0" timestamp="04 Jan 2022 11:51:07 GMT" time="0.011" errors="0">
  <testcase name="test2" time="0.001" classname="com.hybrid.testcases.InboundwithoutPartitions"/>
  <testcase name="test" time="0.006" classname="com.hybrid.testcases.InboundwithoutPartitions"/>
  <testcase name="test1" time="0.001" classname="com.hybrid.testcases.InboundwithoutPartitions"/>
  <testcase name="test2" time="0.001" classname="com.hybrid.testcases.InboundwithoutPartitions"/>
  <testcase name="test" time="0.001" classname="com.hybrid.testcases.InboundwithoutPartitions"/>
  <testcase name="test1" time="0.001" classname="com.hybrid.testcases.InboundwithoutPartitions"/>
</testsuite> <!-- com.hybrid.testcases.InboundwithoutPartitions -->
