<?xml version="1.0" encoding="UTF-8"?>
<!-- Generated by org.testng.reporters.JUnitReportReporter -->
<testsuite skipped="0" hostname="AIPLLTH323" name="com.testcases.InboundwithoutPartitions" tests="4" failures="0" timestamp="22 Mar 2022 12:09:49 GMT" time="4.125" errors="0">
  <testcase name="testinbound" time="2.387" classname="com.testcases.InboundwithoutPartitions"/>
  <testcase name="test2" time="0.000" classname="com.testcases.InboundwithoutPartitions"/>
  <testcase name="testinbound" time="0.875" classname="com.testcases.InboundwithoutPartitions"/>
  <testcase name="testinbound" time="0.863" classname="com.testcases.InboundwithoutPartitions"/>
</testsuite> <!-- com.testcases.InboundwithoutPartitions -->
