<?xml version="1.0" encoding="UTF-8"?>
<!-- Generated by org.testng.reporters.JUnitReportReporter -->
<testsuite skipped="0" hostname="AIPLLTH323" name="com.hybrid.testcases.Partnermanagment" tests="2" failures="0" timestamp="04 Jan 2022 11:51:07 GMT" time="0.001" errors="0">
  <testcase name="test" time="0.000" classname="com.hybrid.testcases.Partnermanagment"/>
  <testcase name="test" time="0.001" classname="com.hybrid.testcases.Partnermanagment"/>
</testsuite> <!-- com.hybrid.testcases.Partnermanagment -->
