<?xml version="1.0" encoding="UTF-8"?>
<!-- Generated by org.testng.reporters.JUnitReportReporter -->
<testsuite skipped="0" hostname="AIPLLTH323" name="com.hybrid.testcases.TenantBasedPartition" tests="2" failures="0" timestamp="04 Jan 2022 11:51:07 GMT" time="6.478" errors="0">
  <testcase name="VerifyAppDis" time="4.970" classname="com.hybrid.testcases.TenantBasedPartition"/>
  <testcase name="VerifyAppDis" time="1.508" classname="com.hybrid.testcases.TenantBasedPartition"/>
</testsuite> <!-- com.hybrid.testcases.TenantBasedPartition -->
